{"C:\\Users\\YOGA SLIM 7 PRO\\Desktop\\GB_Education\\js\\nodejs\\Users_Express_MongoDB\\backend\\app.js": {"path":"C:\\Users\\YOGA SLIM 7 PRO\\Desktop\\GB_Education\\js\\nodejs\\Users_Express_MongoDB\\backend\\app.js","statementMap":{"0":{"start":{"line":1,"column":16},"end":{"line":1,"column":34}},"1":{"start":{"line":2,"column":15},"end":{"line":2,"column":32}},"2":{"start":{"line":3,"column":20},"end":{"line":3,"column":45}},"3":{"start":{"line":4,"column":20},"end":{"line":4,"column":44}},"4":{"start":{"line":5,"column":13},"end":{"line":5,"column":28}},"5":{"start":{"line":6,"column":21},"end":{"line":6,"column":58}},"6":{"start":{"line":8,"column":12},"end":{"line":8,"column":21}},"7":{"start":{"line":10,"column":0},"end":{"line":10,"column":28}},"8":{"start":{"line":11,"column":0},"end":{"line":11,"column":24}},"9":{"start":{"line":13,"column":0},"end":{"line":15,"column":4}},"10":{"start":{"line":17,"column":0},"end":{"line":17,"column":31}},"11":{"start":{"line":18,"column":0},"end":{"line":18,"column":29}},"12":{"start":{"line":20,"column":0},"end":{"line":20,"column":22}},"13":{"start":{"line":22,"column":0},"end":{"line":22,"column":21}}},"fnMap":{},"branchMap":{},"s":{"0":2,"1":2,"2":2,"3":2,"4":2,"5":2,"6":2,"7":2,"8":2,"9":2,"10":2,"11":2,"12":2,"13":2},"f":{},"b":{},"_coverageSchema":"1a1c01bbd47fc00a2c39e90264f33305004495a9","hash":"4e03a6781f09f26822f50ef84dc06ae41053ca3b"}
,"C:\\Users\\YOGA SLIM 7 PRO\\Desktop\\GB_Education\\js\\nodejs\\Users_Express_MongoDB\\backend\\database\\db.js": {"path":"C:\\Users\\YOGA SLIM 7 PRO\\Desktop\\GB_Education\\js\\nodejs\\Users_Express_MongoDB\\backend\\database\\db.js","statementMap":{"0":{"start":{"line":1,"column":24},"end":{"line":1,"column":42}},"1":{"start":{"line":7,"column":2},"end":{"line":7,"column":32}},"2":{"start":{"line":8,"column":2},"end":{"line":8,"column":25}},"3":{"start":{"line":9,"column":13},"end":{"line":9,"column":30}},"4":{"start":{"line":10,"column":2},"end":{"line":10,"column":43}},"5":{"start":{"line":11,"column":2},"end":{"line":11,"column":37}},"6":{"start":{"line":15,"column":2},"end":{"line":17,"column":3}},"7":{"start":{"line":16,"column":4},"end":{"line":16,"column":71}},"8":{"start":{"line":18,"column":2},"end":{"line":18,"column":25}},"9":{"start":{"line":22,"column":2},"end":{"line":26,"column":3}},"10":{"start":{"line":23,"column":4},"end":{"line":23,"column":25}},"11":{"start":{"line":24,"column":4},"end":{"line":24,"column":18}},"12":{"start":{"line":25,"column":4},"end":{"line":25,"column":27}},"13":{"start":{"line":29,"column":0},"end":{"line":33,"column":2}}},"fnMap":{"0":{"name":"connectDb","decl":{"start":{"line":6,"column":15},"end":{"line":6,"column":24}},"loc":{"start":{"line":6,"column":50},"end":{"line":12,"column":1}},"line":6},"1":{"name":"getUsersCollection","decl":{"start":{"line":14,"column":9},"end":{"line":14,"column":27}},"loc":{"start":{"line":14,"column":30},"end":{"line":19,"column":1}},"line":14},"2":{"name":"closeConnection","decl":{"start":{"line":21,"column":15},"end":{"line":21,"column":30}},"loc":{"start":{"line":21,"column":33},"end":{"line":27,"column":1}},"line":21}},"branchMap":{"0":{"loc":{"start":{"line":6,"column":30},"end":{"line":6,"column":48}},"type":"default-arg","locations":[{"start":{"line":6,"column":39},"end":{"line":6,"column":48}}],"line":6},"1":{"loc":{"start":{"line":15,"column":2},"end":{"line":17,"column":3}},"type":"if","locations":[{"start":{"line":15,"column":2},"end":{"line":17,"column":3}},{"start":{},"end":{}}],"line":15},"2":{"loc":{"start":{"line":22,"column":2},"end":{"line":26,"column":3}},"type":"if","locations":[{"start":{"line":22,"column":2},"end":{"line":26,"column":3}},{"start":{},"end":{}}],"line":22}},"s":{"0":3,"1":4,"2":4,"3":4,"4":4,"5":4,"6":28,"7":2,"8":26,"9":5,"10":4,"11":4,"12":4,"13":3},"f":{"0":4,"1":28,"2":5},"b":{"0":[2],"1":[2,26],"2":[4,1]},"_coverageSchema":"1a1c01bbd47fc00a2c39e90264f33305004495a9","hash":"643b5c961a3fb8408109698df39fafce2db0e2ba"}
,"C:\\Users\\YOGA SLIM 7 PRO\\Desktop\\GB_Education\\js\\nodejs\\Users_Express_MongoDB\\backend\\logs\\logger.js": {"path":"C:\\Users\\YOGA SLIM 7 PRO\\Desktop\\GB_Education\\js\\nodejs\\Users_Express_MongoDB\\backend\\logs\\logger.js","statementMap":{"0":{"start":{"line":1,"column":45},"end":{"line":1,"column":63}},"1":{"start":{"line":3,"column":18},"end":{"line":3,"column":49}},"2":{"start":{"line":5,"column":25},"end":{"line":5,"column":27}},"3":{"start":{"line":7,"column":0},"end":{"line":13,"column":1}},"4":{"start":{"line":8,"column":2},"end":{"line":12,"column":4}},"5":{"start":{"line":15,"column":15},"end":{"line":24,"column":2}},"6":{"start":{"line":20,"column":6},"end":{"line":20,"column":65}},"7":{"start":{"line":26,"column":0},"end":{"line":26,"column":24}}},"fnMap":{"0":{"name":"(anonymous_0)","decl":{"start":{"line":19,"column":18},"end":{"line":19,"column":19}},"loc":{"start":{"line":19,"column":53},"end":{"line":21,"column":5}},"line":19}},"branchMap":{"0":{"loc":{"start":{"line":7,"column":0},"end":{"line":13,"column":1}},"type":"if","locations":[{"start":{"line":7,"column":0},"end":{"line":13,"column":1}},{"start":{},"end":{}}],"line":7}},"s":{"0":3,"1":3,"2":3,"3":3,"4":0,"5":3,"6":3,"7":3},"f":{"0":3},"b":{"0":[0,3]},"_coverageSchema":"1a1c01bbd47fc00a2c39e90264f33305004495a9","hash":"5760a99d189b07c57b91a882bcbbc2a1b6ce8117"}
,"C:\\Users\\YOGA SLIM 7 PRO\\Desktop\\GB_Education\\js\\nodejs\\Users_Express_MongoDB\\backend\\middlewares\\errorHandler.js": {"path":"C:\\Users\\YOGA SLIM 7 PRO\\Desktop\\GB_Education\\js\\nodejs\\Users_Express_MongoDB\\backend\\middlewares\\errorHandler.js","statementMap":{"0":{"start":{"line":1,"column":15},"end":{"line":1,"column":40}},"1":{"start":{"line":4,"column":2},"end":{"line":4,"column":80}},"2":{"start":{"line":6,"column":17},"end":{"line":6,"column":78}},"3":{"start":{"line":7,"column":2},"end":{"line":7,"column":81}},"4":{"start":{"line":10,"column":0},"end":{"line":10,"column":30}}},"fnMap":{"0":{"name":"errorHandler","decl":{"start":{"line":3,"column":9},"end":{"line":3,"column":21}},"loc":{"start":{"line":3,"column":43},"end":{"line":8,"column":1}},"line":3}},"branchMap":{"0":{"loc":{"start":{"line":4,"column":61},"end":{"line":4,"column":76}},"type":"binary-expr","locations":[{"start":{"line":4,"column":61},"end":{"line":4,"column":70}},{"start":{"line":4,"column":74},"end":{"line":4,"column":76}}],"line":4},"1":{"loc":{"start":{"line":6,"column":17},"end":{"line":6,"column":78}},"type":"cond-expr","locations":[{"start":{"line":6,"column":62},"end":{"line":6,"column":72}},{"start":{"line":6,"column":75},"end":{"line":6,"column":78}}],"line":6},"2":{"loc":{"start":{"line":6,"column":17},"end":{"line":6,"column":59}},"type":"binary-expr","locations":[{"start":{"line":6,"column":17},"end":{"line":6,"column":27}},{"start":{"line":6,"column":31},"end":{"line":6,"column":59}}],"line":6},"3":{"loc":{"start":{"line":7,"column":35},"end":{"line":7,"column":77}},"type":"binary-expr","locations":[{"start":{"line":7,"column":35},"end":{"line":7,"column":46}},{"start":{"line":7,"column":50},"end":{"line":7,"column":77}}],"line":7}},"s":{"0":3,"1":4,"2":4,"3":4,"4":3},"f":{"0":4},"b":{"0":[4,0],"1":[4,0],"2":[4,4],"3":[4,0]},"_coverageSchema":"1a1c01bbd47fc00a2c39e90264f33305004495a9","hash":"a58d3eab6372b592082e20dc7bacd84ae3d9a7d4"}
,"C:\\Users\\YOGA SLIM 7 PRO\\Desktop\\GB_Education\\js\\nodejs\\Users_Express_MongoDB\\backend\\routes\\auth.js": {"path":"C:\\Users\\YOGA SLIM 7 PRO\\Desktop\\GB_Education\\js\\nodejs\\Users_Express_MongoDB\\backend\\routes\\auth.js","statementMap":{"0":{"start":{"line":1,"column":16},"end":{"line":1,"column":34}},"1":{"start":{"line":2,"column":15},"end":{"line":2,"column":32}},"2":{"start":{"line":3,"column":12},"end":{"line":3,"column":35}},"3":{"start":{"line":4,"column":22},"end":{"line":4,"column":56}},"4":{"start":{"line":5,"column":36},"end":{"line":5,"column":67}},"5":{"start":{"line":6,"column":31},"end":{"line":6,"column":56}},"6":{"start":{"line":8,"column":15},"end":{"line":8,"column":31}},"7":{"start":{"line":9,"column":19},"end":{"line":9,"column":57}},"8":{"start":{"line":12,"column":0},"end":{"line":51,"column":2}},"9":{"start":{"line":16,"column":18},"end":{"line":16,"column":38}},"10":{"start":{"line":17,"column":66},"end":{"line":17,"column":74}},"11":{"start":{"line":19,"column":4},"end":{"line":49,"column":5}},"12":{"start":{"line":21,"column":21},"end":{"line":21,"column":51}},"13":{"start":{"line":22,"column":6},"end":{"line":26,"column":7}},"14":{"start":{"line":23,"column":22},"end":{"line":23,"column":76}},"15":{"start":{"line":24,"column":8},"end":{"line":24,"column":27}},"16":{"start":{"line":25,"column":8},"end":{"line":25,"column":27}},"17":{"start":{"line":29,"column":19},"end":{"line":29,"column":50}},"18":{"start":{"line":32,"column":21},"end":{"line":35,"column":8}},"19":{"start":{"line":37,"column":6},"end":{"line":37,"column":87}},"20":{"start":{"line":40,"column":6},"end":{"line":44,"column":7}},"21":{"start":{"line":41,"column":22},"end":{"line":41,"column":76}},"22":{"start":{"line":42,"column":8},"end":{"line":42,"column":27}},"23":{"start":{"line":43,"column":8},"end":{"line":43,"column":27}},"24":{"start":{"line":45,"column":6},"end":{"line":45,"column":25}},"25":{"start":{"line":46,"column":20},"end":{"line":46,"column":51}},"26":{"start":{"line":47,"column":6},"end":{"line":47,"column":25}},"27":{"start":{"line":48,"column":6},"end":{"line":48,"column":25}},"28":{"start":{"line":55,"column":0},"end":{"line":87,"column":2}},"29":{"start":{"line":59,"column":18},"end":{"line":59,"column":38}},"30":{"start":{"line":60,"column":32},"end":{"line":60,"column":40}},"31":{"start":{"line":61,"column":4},"end":{"line":85,"column":5}},"32":{"start":{"line":63,"column":19},"end":{"line":63,"column":49}},"33":{"start":{"line":64,"column":6},"end":{"line":68,"column":7}},"34":{"start":{"line":65,"column":22},"end":{"line":65,"column":60}},"35":{"start":{"line":66,"column":8},"end":{"line":66,"column":27}},"36":{"start":{"line":67,"column":8},"end":{"line":67,"column":27}},"37":{"start":{"line":70,"column":20},"end":{"line":70,"column":65}},"38":{"start":{"line":71,"column":6},"end":{"line":75,"column":7}},"39":{"start":{"line":72,"column":22},"end":{"line":72,"column":60}},"40":{"start":{"line":73,"column":8},"end":{"line":73,"column":27}},"41":{"start":{"line":74,"column":8},"end":{"line":74,"column":27}},"42":{"start":{"line":77,"column":20},"end":{"line":81,"column":7}},"43":{"start":{"line":82,"column":6},"end":{"line":82,"column":26}},"44":{"start":{"line":84,"column":8},"end":{"line":84,"column":18}},"45":{"start":{"line":89,"column":0},"end":{"line":89,"column":24}}},"fnMap":{"0":{"name":"(anonymous_0)","decl":{"start":{"line":15,"column":2},"end":{"line":15,"column":3}},"loc":{"start":{"line":15,"column":28},"end":{"line":50,"column":3}},"line":15},"1":{"name":"(anonymous_1)","decl":{"start":{"line":58,"column":2},"end":{"line":58,"column":3}},"loc":{"start":{"line":58,"column":28},"end":{"line":86,"column":3}},"line":58}},"branchMap":{"0":{"loc":{"start":{"line":9,"column":19},"end":{"line":9,"column":57}},"type":"binary-expr","locations":[{"start":{"line":9,"column":19},"end":{"line":9,"column":41}},{"start":{"line":9,"column":45},"end":{"line":9,"column":57}}],"line":9},"1":{"loc":{"start":{"line":22,"column":6},"end":{"line":26,"column":7}},"type":"if","locations":[{"start":{"line":22,"column":6},"end":{"line":26,"column":7}},{"start":{},"end":{}}],"line":22},"2":{"loc":{"start":{"line":40,"column":6},"end":{"line":44,"column":7}},"type":"if","locations":[{"start":{"line":40,"column":6},"end":{"line":44,"column":7}},{"start":{},"end":{}}],"line":40},"3":{"loc":{"start":{"line":64,"column":6},"end":{"line":68,"column":7}},"type":"if","locations":[{"start":{"line":64,"column":6},"end":{"line":68,"column":7}},{"start":{},"end":{}}],"line":64},"4":{"loc":{"start":{"line":71,"column":6},"end":{"line":75,"column":7}},"type":"if","locations":[{"start":{"line":71,"column":6},"end":{"line":75,"column":7}},{"start":{},"end":{}}],"line":71}},"s":{"0":2,"1":2,"2":2,"3":2,"4":2,"5":2,"6":2,"7":2,"8":2,"9":6,"10":6,"11":6,"12":6,"13":6,"14":1,"15":1,"16":1,"17":5,"18":5,"19":5,"20":0,"21":0,"22":0,"23":0,"24":0,"25":0,"26":0,"27":0,"28":2,"29":3,"30":3,"31":3,"32":3,"33":3,"34":1,"35":1,"36":1,"37":2,"38":2,"39":1,"40":1,"41":1,"42":1,"43":1,"44":0,"45":2},"f":{"0":6,"1":3},"b":{"0":[2,2],"1":[1,5],"2":[0,0],"3":[1,2],"4":[1,1]},"_coverageSchema":"1a1c01bbd47fc00a2c39e90264f33305004495a9","hash":"dc59b718bfcd184427274bc5ab95076ce91b231a"}
,"C:\\Users\\YOGA SLIM 7 PRO\\Desktop\\GB_Education\\js\\nodejs\\Users_Express_MongoDB\\backend\\routes\\users.js": {"path":"C:\\Users\\YOGA SLIM 7 PRO\\Desktop\\GB_Education\\js\\nodejs\\Users_Express_MongoDB\\backend\\routes\\users.js","statementMap":{"0":{"start":{"line":1,"column":16},"end":{"line":1,"column":34}},"1":{"start":{"line":2,"column":21},"end":{"line":2,"column":39}},"2":{"start":{"line":3,"column":35},"end":{"line":3,"column":69}},"3":{"start":{"line":4,"column":33},"end":{"line":4,"column":64}},"4":{"start":{"line":5,"column":31},"end":{"line":5,"column":56}},"5":{"start":{"line":6,"column":24},"end":{"line":6,"column":53}},"6":{"start":{"line":7,"column":15},"end":{"line":7,"column":40}},"7":{"start":{"line":9,"column":15},"end":{"line":9,"column":31}},"8":{"start":{"line":11,"column":0},"end":{"line":19,"column":3}},"9":{"start":{"line":12,"column":2},"end":{"line":18,"column":3}},"10":{"start":{"line":13,"column":18},"end":{"line":13,"column":63}},"11":{"start":{"line":14,"column":4},"end":{"line":14,"column":24}},"12":{"start":{"line":16,"column":4},"end":{"line":16,"column":21}},"13":{"start":{"line":17,"column":4},"end":{"line":17,"column":14}},"14":{"start":{"line":21,"column":0},"end":{"line":29,"column":3}},"15":{"start":{"line":22,"column":2},"end":{"line":28,"column":3}},"16":{"start":{"line":23,"column":19},"end":{"line":23,"column":65}},"17":{"start":{"line":24,"column":4},"end":{"line":24,"column":64}},"18":{"start":{"line":26,"column":4},"end":{"line":26,"column":21}},"19":{"start":{"line":27,"column":4},"end":{"line":27,"column":14}},"20":{"start":{"line":31,"column":0},"end":{"line":39,"column":3}},"21":{"start":{"line":32,"column":2},"end":{"line":38,"column":3}},"22":{"start":{"line":33,"column":17},"end":{"line":33,"column":89}},"23":{"start":{"line":34,"column":4},"end":{"line":34,"column":23}},"24":{"start":{"line":36,"column":4},"end":{"line":36,"column":21}},"25":{"start":{"line":37,"column":4},"end":{"line":37,"column":14}},"26":{"start":{"line":41,"column":0},"end":{"line":58,"column":3}},"27":{"start":{"line":42,"column":2},"end":{"line":57,"column":3}},"28":{"start":{"line":43,"column":19},"end":{"line":46,"column":5}},"29":{"start":{"line":47,"column":4},"end":{"line":51,"column":5}},"30":{"start":{"line":48,"column":18},"end":{"line":48,"column":53}},"31":{"start":{"line":49,"column":6},"end":{"line":49,"column":23}},"32":{"start":{"line":50,"column":6},"end":{"line":50,"column":23}},"33":{"start":{"line":52,"column":17},"end":{"line":52,"column":89}},"34":{"start":{"line":53,"column":4},"end":{"line":53,"column":42}},"35":{"start":{"line":55,"column":4},"end":{"line":55,"column":21}},"36":{"start":{"line":56,"column":4},"end":{"line":56,"column":14}},"37":{"start":{"line":60,"column":0},"end":{"line":73,"column":3}},"38":{"start":{"line":61,"column":2},"end":{"line":72,"column":3}},"39":{"start":{"line":62,"column":19},"end":{"line":62,"column":93}},"40":{"start":{"line":63,"column":4},"end":{"line":67,"column":5}},"41":{"start":{"line":64,"column":18},"end":{"line":64,"column":53}},"42":{"start":{"line":65,"column":6},"end":{"line":65,"column":23}},"43":{"start":{"line":66,"column":6},"end":{"line":66,"column":23}},"44":{"start":{"line":68,"column":4},"end":{"line":68,"column":36}},"45":{"start":{"line":70,"column":4},"end":{"line":70,"column":21}},"46":{"start":{"line":71,"column":4},"end":{"line":71,"column":14}},"47":{"start":{"line":75,"column":0},"end":{"line":75,"column":24}}},"fnMap":{"0":{"name":"(anonymous_0)","decl":{"start":{"line":11,"column":29},"end":{"line":11,"column":30}},"loc":{"start":{"line":11,"column":55},"end":{"line":19,"column":1}},"line":11},"1":{"name":"(anonymous_1)","decl":{"start":{"line":21,"column":53},"end":{"line":21,"column":54}},"loc":{"start":{"line":21,"column":79},"end":{"line":29,"column":1}},"line":21},"2":{"name":"(anonymous_2)","decl":{"start":{"line":31,"column":55},"end":{"line":31,"column":56}},"loc":{"start":{"line":31,"column":81},"end":{"line":39,"column":1}},"line":31},"3":{"name":"(anonymous_3)","decl":{"start":{"line":41,"column":78},"end":{"line":41,"column":79}},"loc":{"start":{"line":41,"column":104},"end":{"line":58,"column":1}},"line":41},"4":{"name":"(anonymous_4)","decl":{"start":{"line":60,"column":58},"end":{"line":60,"column":59}},"loc":{"start":{"line":60,"column":84},"end":{"line":73,"column":1}},"line":60}},"branchMap":{"0":{"loc":{"start":{"line":47,"column":4},"end":{"line":51,"column":5}},"type":"if","locations":[{"start":{"line":47,"column":4},"end":{"line":51,"column":5}},{"start":{},"end":{}}],"line":47},"1":{"loc":{"start":{"line":63,"column":4},"end":{"line":67,"column":5}},"type":"if","locations":[{"start":{"line":63,"column":4},"end":{"line":67,"column":5}},{"start":{},"end":{}}],"line":63}},"s":{"0":2,"1":2,"2":2,"3":2,"4":2,"5":2,"6":2,"7":2,"8":2,"9":1,"10":1,"11":1,"12":0,"13":0,"14":2,"15":1,"16":1,"17":1,"18":0,"19":0,"20":2,"21":1,"22":1,"23":1,"24":0,"25":0,"26":2,"27":1,"28":1,"29":1,"30":0,"31":0,"32":0,"33":1,"34":1,"35":0,"36":0,"37":2,"38":1,"39":1,"40":1,"41":0,"42":0,"43":0,"44":1,"45":0,"46":0,"47":2},"f":{"0":1,"1":1,"2":1,"3":1,"4":1},"b":{"0":[0,1],"1":[0,1]},"_coverageSchema":"1a1c01bbd47fc00a2c39e90264f33305004495a9","hash":"63447e82e9ec75a5b9b0ab4c72ea6ef3906e1f00"}
,"C:\\Users\\YOGA SLIM 7 PRO\\Desktop\\GB_Education\\js\\nodejs\\Users_Express_MongoDB\\backend\\tests\\setup.js": {"path":"C:\\Users\\YOGA SLIM 7 PRO\\Desktop\\GB_Education\\js\\nodejs\\Users_Express_MongoDB\\backend\\tests\\setup.js","statementMap":{"0":{"start":{"line":1,"column":30},"end":{"line":1,"column":62}},"1":{"start":{"line":2,"column":39},"end":{"line":2,"column":64}},"2":{"start":{"line":3,"column":31},"end":{"line":3,"column":56}},"3":{"start":{"line":7,"column":0},"end":{"line":33,"column":2}},"4":{"start":{"line":9,"column":8},"end":{"line":9,"column":55}},"5":{"start":{"line":10,"column":25},"end":{"line":10,"column":45}},"6":{"start":{"line":12,"column":8},"end":{"line":12,"column":34}},"7":{"start":{"line":14,"column":8},"end":{"line":14,"column":53}},"8":{"start":{"line":18,"column":8},"end":{"line":18,"column":32}},"9":{"start":{"line":19,"column":8},"end":{"line":19,"column":33}},"10":{"start":{"line":20,"column":8},"end":{"line":20,"column":39}},"11":{"start":{"line":24,"column":19},"end":{"line":24,"column":44}},"12":{"start":{"line":25,"column":28},"end":{"line":25,"column":50}},"13":{"start":{"line":27,"column":8},"end":{"line":29,"column":9}},"14":{"start":{"line":28,"column":12},"end":{"line":28,"column":44}},"15":{"start":{"line":31,"column":8},"end":{"line":31,"column":39}}},"fnMap":{"0":{"name":"(anonymous_0)","decl":{"start":{"line":8,"column":17},"end":{"line":8,"column":18}},"loc":{"start":{"line":8,"column":29},"end":{"line":15,"column":5}},"line":8},"1":{"name":"(anonymous_1)","decl":{"start":{"line":17,"column":16},"end":{"line":17,"column":17}},"loc":{"start":{"line":17,"column":28},"end":{"line":21,"column":5}},"line":17},"2":{"name":"(anonymous_2)","decl":{"start":{"line":23,"column":17},"end":{"line":23,"column":18}},"loc":{"start":{"line":23,"column":29},"end":{"line":32,"column":5}},"line":23}},"branchMap":{},"s":{"0":2,"1":2,"2":2,"3":2,"4":2,"5":2,"6":2,"7":2,"8":2,"9":2,"10":2,"11":9,"12":9,"13":9,"14":6,"15":9},"f":{"0":2,"1":2,"2":9},"b":{},"_coverageSchema":"1a1c01bbd47fc00a2c39e90264f33305004495a9","hash":"ceb8afb61cb0ddf1dbf24e724533bc8f331de427"}
,"C:\\Users\\YOGA SLIM 7 PRO\\Desktop\\GB_Education\\js\\nodejs\\Users_Express_MongoDB\\backend\\validation\\auth.js": {"path":"C:\\Users\\YOGA SLIM 7 PRO\\Desktop\\GB_Education\\js\\nodejs\\Users_Express_MongoDB\\backend\\validation\\auth.js","statementMap":{"0":{"start":{"line":1,"column":12},"end":{"line":1,"column":35}},"1":{"start":{"line":2,"column":19},"end":{"line":2,"column":57}},"2":{"start":{"line":5,"column":15},"end":{"line":5,"column":40}},"3":{"start":{"line":6,"column":2},"end":{"line":10,"column":3}},"4":{"start":{"line":7,"column":16},"end":{"line":7,"column":50}},"5":{"start":{"line":8,"column":4},"end":{"line":8,"column":21}},"6":{"start":{"line":9,"column":4},"end":{"line":9,"column":21}},"7":{"start":{"line":11,"column":16},"end":{"line":11,"column":34}},"8":{"start":{"line":12,"column":2},"end":{"line":20,"column":3}},"9":{"start":{"line":13,"column":20},"end":{"line":13,"column":49}},"10":{"start":{"line":14,"column":4},"end":{"line":14,"column":32}},"11":{"start":{"line":15,"column":4},"end":{"line":15,"column":11}},"12":{"start":{"line":17,"column":4},"end":{"line":17,"column":21}},"13":{"start":{"line":18,"column":4},"end":{"line":18,"column":35}},"14":{"start":{"line":19,"column":4},"end":{"line":19,"column":14}},"15":{"start":{"line":23,"column":0},"end":{"line":23,"column":33}}},"fnMap":{"0":{"name":"requireAuth","decl":{"start":{"line":4,"column":9},"end":{"line":4,"column":20}},"loc":{"start":{"line":4,"column":37},"end":{"line":21,"column":1}},"line":4}},"branchMap":{"0":{"loc":{"start":{"line":2,"column":19},"end":{"line":2,"column":57}},"type":"binary-expr","locations":[{"start":{"line":2,"column":19},"end":{"line":2,"column":41}},{"start":{"line":2,"column":45},"end":{"line":2,"column":57}}],"line":2},"1":{"loc":{"start":{"line":6,"column":2},"end":{"line":10,"column":3}},"type":"if","locations":[{"start":{"line":6,"column":2},"end":{"line":10,"column":3}},{"start":{},"end":{}}],"line":6},"2":{"loc":{"start":{"line":6,"column":6},"end":{"line":6,"column":42}},"type":"binary-expr","locations":[{"start":{"line":6,"column":6},"end":{"line":6,"column":11}},{"start":{"line":6,"column":15},"end":{"line":6,"column":42}}],"line":6}},"s":{"0":3,"1":3,"2":8,"3":8,"4":1,"5":1,"6":1,"7":7,"8":7,"9":7,"10":6,"11":6,"12":1,"13":1,"14":1,"15":3},"f":{"0":8},"b":{"0":[3,3],"1":[1,7],"2":[8,7]},"_coverageSchema":"1a1c01bbd47fc00a2c39e90264f33305004495a9","hash":"0d27132e6086cf1e67899174bc935a46a6f5de7d"}
,"C:\\Users\\YOGA SLIM 7 PRO\\Desktop\\GB_Education\\js\\nodejs\\Users_Express_MongoDB\\backend\\validation\\scheme.js": {"path":"C:\\Users\\YOGA SLIM 7 PRO\\Desktop\\GB_Education\\js\\nodejs\\Users_Express_MongoDB\\backend\\validation\\scheme.js","statementMap":{"0":{"start":{"line":1,"column":12},"end":{"line":1,"column":26}},"1":{"start":{"line":3,"column":19},"end":{"line":10,"column":2}},"2":{"start":{"line":12,"column":20},"end":{"line":15,"column":2}},"3":{"start":{"line":17,"column":17},"end":{"line":19,"column":2}},"4":{"start":{"line":21,"column":0},"end":{"line":21,"column":55}}},"fnMap":{},"branchMap":{},"s":{"0":2,"1":2,"2":2,"3":2,"4":2},"f":{},"b":{},"_coverageSchema":"1a1c01bbd47fc00a2c39e90264f33305004495a9","hash":"6a56340a23704c436eca66027359b6046549dbd0"}
,"C:\\Users\\YOGA SLIM 7 PRO\\Desktop\\GB_Education\\js\\nodejs\\Users_Express_MongoDB\\backend\\validation\\validator.js": {"path":"C:\\Users\\YOGA SLIM 7 PRO\\Desktop\\GB_Education\\js\\nodejs\\Users_Express_MongoDB\\backend\\validation\\validator.js","statementMap":{"0":{"start":{"line":2,"column":2},"end":{"line":10,"column":4}},"1":{"start":{"line":3,"column":29},"end":{"line":3,"column":56}},"2":{"start":{"line":4,"column":4},"end":{"line":8,"column":5}},"3":{"start":{"line":5,"column":18},"end":{"line":5,"column":59}},"4":{"start":{"line":6,"column":6},"end":{"line":6,"column":23}},"5":{"start":{"line":7,"column":6},"end":{"line":7,"column":23}},"6":{"start":{"line":9,"column":4},"end":{"line":9,"column":11}},"7":{"start":{"line":14,"column":2},"end":{"line":22,"column":4}},"8":{"start":{"line":15,"column":29},"end":{"line":15,"column":54}},"9":{"start":{"line":16,"column":4},"end":{"line":20,"column":5}},"10":{"start":{"line":17,"column":18},"end":{"line":17,"column":59}},"11":{"start":{"line":18,"column":6},"end":{"line":18,"column":23}},"12":{"start":{"line":19,"column":6},"end":{"line":19,"column":23}},"13":{"start":{"line":21,"column":4},"end":{"line":21,"column":11}},"14":{"start":{"line":25,"column":0},"end":{"line":25,"column":44}}},"fnMap":{"0":{"name":"checkParams","decl":{"start":{"line":1,"column":9},"end":{"line":1,"column":20}},"loc":{"start":{"line":1,"column":29},"end":{"line":11,"column":1}},"line":1},"1":{"name":"(anonymous_1)","decl":{"start":{"line":2,"column":9},"end":{"line":2,"column":10}},"loc":{"start":{"line":2,"column":29},"end":{"line":10,"column":3}},"line":2},"2":{"name":"checkBody","decl":{"start":{"line":13,"column":9},"end":{"line":13,"column":18}},"loc":{"start":{"line":13,"column":27},"end":{"line":23,"column":1}},"line":13},"3":{"name":"(anonymous_3)","decl":{"start":{"line":14,"column":9},"end":{"line":14,"column":10}},"loc":{"start":{"line":14,"column":29},"end":{"line":22,"column":3}},"line":14}},"branchMap":{"0":{"loc":{"start":{"line":4,"column":4},"end":{"line":8,"column":5}},"type":"if","locations":[{"start":{"line":4,"column":4},"end":{"line":8,"column":5}},{"start":{},"end":{}}],"line":4},"1":{"loc":{"start":{"line":16,"column":4},"end":{"line":20,"column":5}},"type":"if","locations":[{"start":{"line":16,"column":4},"end":{"line":20,"column":5}},{"start":{},"end":{}}],"line":16}},"s":{"0":8,"1":5,"2":5,"3":1,"4":1,"5":1,"6":4,"7":10,"8":13,"9":13,"10":1,"11":1,"12":1,"13":12,"14":3},"f":{"0":8,"1":5,"2":10,"3":13},"b":{"0":[1,4],"1":[1,12]},"_coverageSchema":"1a1c01bbd47fc00a2c39e90264f33305004495a9","hash":"5dada43dab05584fd30f6cc57983b6fe6533f284"}
}
