TN:
SF:app.js
FNF:0
FNH:0
DA:1,2
DA:2,2
DA:3,2
DA:4,2
DA:5,2
DA:6,2
DA:8,2
DA:10,2
DA:11,2
DA:13,2
DA:17,2
DA:18,2
DA:20,2
DA:22,2
LF:14
LH:14
BRF:0
BRH:0
end_of_record
TN:
SF:database\db.js
FN:6,connectDb
FN:14,getUsersCollection
FN:21,closeConnection
FNF:3
FNH:3
FNDA:4,connectDb
FNDA:28,getUsersCollection
FNDA:5,closeConnection
DA:1,3
DA:7,4
DA:8,4
DA:9,4
DA:10,4
DA:11,4
DA:15,28
DA:16,2
DA:18,26
DA:22,5
DA:23,4
DA:24,4
DA:25,4
DA:29,3
LF:14
LH:14
BRDA:6,0,0,2
BRDA:15,1,0,2
BRDA:15,1,1,26
BRDA:22,2,0,4
BRDA:22,2,1,1
BRF:5
BRH:5
end_of_record
TN:
SF:logs\logger.js
FN:19,(anonymous_0)
FNF:1
FNH:1
FNDA:3,(anonymous_0)
DA:1,3
DA:3,3
DA:5,3
DA:7,3
DA:8,0
DA:15,3
DA:20,3
DA:26,3
LF:8
LH:7
BRDA:7,0,0,0
BRDA:7,0,1,3
BRF:2
BRH:1
end_of_record
TN:
SF:middlewares\errorHandler.js
FN:3,errorHandler
FNF:1
FNH:1
FNDA:4,errorHandler
DA:1,3
DA:4,4
DA:6,4
DA:7,4
DA:10,3
LF:5
LH:5
BRDA:4,0,0,4
BRDA:4,0,1,0
BRDA:6,1,0,4
BRDA:6,1,1,0
BRDA:6,2,0,4
BRDA:6,2,1,4
BRDA:7,3,0,4
BRDA:7,3,1,0
BRF:8
BRH:5
end_of_record
TN:
SF:routes\auth.js
FN:15,(anonymous_0)
FN:58,(anonymous_1)
FNF:2
FNH:2
FNDA:6,(anonymous_0)
FNDA:3,(anonymous_1)
DA:1,2
DA:2,2
DA:3,2
DA:4,2
DA:5,2
DA:6,2
DA:8,2
DA:9,2
DA:12,2
DA:16,6
DA:17,6
DA:19,6
DA:21,6
DA:22,6
DA:23,1
DA:24,1
DA:25,1
DA:29,5
DA:32,5
DA:37,5
DA:40,0
DA:41,0
DA:42,0
DA:43,0
DA:45,0
DA:46,0
DA:47,0
DA:48,0
DA:55,2
DA:59,3
DA:60,3
DA:61,3
DA:63,3
DA:64,3
DA:65,1
DA:66,1
DA:67,1
DA:70,2
DA:71,2
DA:72,1
DA:73,1
DA:74,1
DA:77,1
DA:82,1
DA:84,0
DA:89,2
LF:46
LH:37
BRDA:9,0,0,2
BRDA:9,0,1,2
BRDA:22,1,0,1
BRDA:22,1,1,5
BRDA:40,2,0,0
BRDA:40,2,1,0
BRDA:64,3,0,1
BRDA:64,3,1,2
BRDA:71,4,0,1
BRDA:71,4,1,1
BRF:10
BRH:8
end_of_record
TN:
SF:routes\users.js
FN:11,(anonymous_0)
FN:21,(anonymous_1)
FN:31,(anonymous_2)
FN:41,(anonymous_3)
FN:60,(anonymous_4)
FNF:5
FNH:5
FNDA:1,(anonymous_0)
FNDA:1,(anonymous_1)
FNDA:1,(anonymous_2)
FNDA:1,(anonymous_3)
FNDA:1,(anonymous_4)
DA:1,2
DA:2,2
DA:3,2
DA:4,2
DA:5,2
DA:6,2
DA:7,2
DA:9,2
DA:11,2
DA:12,1
DA:13,1
DA:14,1
DA:16,0
DA:17,0
DA:21,2
DA:22,1
DA:23,1
DA:24,1
DA:26,0
DA:27,0
DA:31,2
DA:32,1
DA:33,1
DA:34,1
DA:36,0
DA:37,0
DA:41,2
DA:42,1
DA:43,1
DA:47,1
DA:48,0
DA:49,0
DA:50,0
DA:52,1
DA:53,1
DA:55,0
DA:56,0
DA:60,2
DA:61,1
DA:62,1
DA:63,1
DA:64,0
DA:65,0
DA:66,0
DA:68,1
DA:70,0
DA:71,0
DA:75,2
LF:48
LH:32
BRDA:47,0,0,0
BRDA:47,0,1,1
BRDA:63,1,0,0
BRDA:63,1,1,1
BRF:4
BRH:2
end_of_record
TN:
SF:tests\setup.js
FN:8,(anonymous_0)
FN:17,(anonymous_1)
FN:23,(anonymous_2)
FNF:3
FNH:3
FNDA:2,(anonymous_0)
FNDA:2,(anonymous_1)
FNDA:9,(anonymous_2)
DA:1,2
DA:2,2
DA:3,2
DA:7,2
DA:9,2
DA:10,2
DA:12,2
DA:14,2
DA:18,2
DA:19,2
DA:20,2
DA:24,9
DA:25,9
DA:27,9
DA:28,6
DA:31,9
LF:16
LH:16
BRF:0
BRH:0
end_of_record
TN:
SF:validation\auth.js
FN:4,requireAuth
FNF:1
FNH:1
FNDA:8,requireAuth
DA:1,3
DA:2,3
DA:5,8
DA:6,8
DA:7,1
DA:8,1
DA:9,1
DA:11,7
DA:12,7
DA:13,7
DA:14,6
DA:15,6
DA:17,1
DA:18,1
DA:19,1
DA:23,3
LF:16
LH:16
BRDA:2,0,0,3
BRDA:2,0,1,3
BRDA:6,1,0,1
BRDA:6,1,1,7
BRDA:6,2,0,8
BRDA:6,2,1,7
BRF:6
BRH:6
end_of_record
TN:
SF:validation\scheme.js
FNF:0
FNH:0
DA:1,2
DA:3,2
DA:12,2
DA:17,2
DA:21,2
LF:5
LH:5
BRF:0
BRH:0
end_of_record
TN:
SF:validation\validator.js
FN:1,checkParams
FN:2,(anonymous_1)
FN:13,checkBody
FN:14,(anonymous_3)
FNF:4
FNH:4
FNDA:8,checkParams
FNDA:5,(anonymous_1)
FNDA:10,checkBody
FNDA:13,(anonymous_3)
DA:2,8
DA:3,5
DA:4,5
DA:5,1
DA:6,1
DA:7,1
DA:9,4
DA:14,10
DA:15,13
DA:16,13
DA:17,1
DA:18,1
DA:19,1
DA:21,12
DA:25,3
LF:15
LH:15
BRDA:4,0,0,1
BRDA:4,0,1,4
BRDA:16,1,0,1
BRDA:16,1,1,12
BRF:4
BRH:4
end_of_record
